#
# There is insufficient memory for the Java Runtime Environment to continue.
# Native memory allocation (mmap) failed to map 134217728 bytes for Failed to commit area from 0x0000000081c00000 to 0x0000000089c00000 of length 134217728.
# Possible reasons:
#   The system is out of physical RAM or swap space
#   The process is running with CompressedOops enabled, and the Java Heap may be blocking the growth of the native heap
# Possible solutions:
#   Reduce memory load on the system
#   Increase physical memory or swap space
#   Check if swap backing store is full
#   Decrease Java heap size (-Xmx/-Xms)
#   Decrease number of Java threads
#   Decrease Java thread stack sizes (-Xss)
#   Set larger code cache with -XX:ReservedCodeCacheSize=
# This output file may be truncated or incomplete.
#
#  Out of Memory Error (c:/BuildAgent/work/5ff2f6c26000d570/src/hotspot/os/windows/os_windows.cpp:3291), pid=17392, tid=14992
#
# JRE version:  (11.0.5+10) (build )
# Java VM: OpenJDK 64-Bit Server VM (11.0.5+10-b520.17, mixed mode, aot, sharing, tiered, compressed oops, g1 gc, windows-amd64)
# No core dump will be written. Minidumps are not enabled by default on client versions of Windows
#

---------------  S U M M A R Y ------------

Command Line: org.jetbrains.git4idea.http.GitAskPassApp Username for 'https://github.com': 

Host: Intel(R) Core(TM) i5-7200U CPU @ 2.50GHz, 4 cores, 7G,  Windows 10 , 64 bit Build 16299 (10.0.16299.1087)
Time: Sat Jan  4 15:23:49 2020 ?D1??? elapsed time: 0 seconds (0d 0h 0m 0s)

---------------  T H R E A D  ---------------

Current thread (0x00000262d9c16000):  JavaThread "Unknown thread" [_thread_in_vm, id=14992, stack(0x000000dbe5700000,0x000000dbe5800000)]

Stack: [0x000000dbe5700000,0x000000dbe5800000]
Native frames: (J=compiled Java code, j=interpreted, Vv=VM code, C=native code)
V  [jvm.dll+0x5dcafa]
V  [jvm.dll+0x70e375]
V  [jvm.dll+0x70f898]
V  [jvm.dll+0x70ff63]
V  [jvm.dll+0x23e238]
V  [jvm.dll+0x5da1c4]
V  [jvm.dll+0x5cf265]
V  [jvm.dll+0x2fac3b]
V  [jvm.dll+0x2fabaa]
V  [jvm.dll+0x2faa82]
V  [jvm.dll+0x2ff956]
V  [jvm.dll+0x3480d3]
V  [jvm.dll+0x3487d6]
V  [jvm.dll+0x3481d3]
V  [jvm.dll+0x2d5548]
V  [jvm.dll+0x2d66e7]
V  [jvm.dll+0x6ed237]
V  [jvm.dll+0x6eea2c]
V  [jvm.dll+0x355849]
V  [jvm.dll+0x6d239e]
V  [jvm.dll+0x3be283]
V  [jvm.dll+0x3c0701]
C  [jli.dll+0x5363]
C  [ucrtbase.dll+0x1fa95]
C  [KERNEL32.DLL+0x137e4]
C  [ntdll.dll+0x6cb81]


---------------  P R O C E S S  ---------------

Threads class SMR info:
_java_thread_list=0x00000262d9a2c0e0, length=0, elements={
}

Java Threads: ( => current thread )

Other Threads:
  0x00000262d9c2d800 GCTaskThread "GC Thread#0" [stack: 0x000000dbe5800000,0x000000dbe5900000] [id=18004]
  0x00000262d9c5d800 ConcurrentGCThread "G1 Main Marker" [stack: 0x000000dbe5900000,0x000000dbe5a00000] [id=17532]
  0x00000262d9c5e800 ConcurrentGCThread "G1 Conc#0" [stack: 0x000000dbe5a00000,0x000000dbe5b00000] [id=16988]

[error occurred during error reporting (printing all threads), id 0xc0000005, EXCEPTION_ACCESS_VIOLATION (0xc0000005) at pc=0x00007ffe13d35c17]

VM state:not at safepoint (not fully initialized)

VM Mutex/Monitor currently owned by a thread:  ([mutex/lock_event])
[0x00000262d9c15a90] Heap_lock - owner thread: 0x00000262d9c16000

Heap address: 0x0000000081c00000, size: 2020 MB, Compressed Oops mode: Non-zero based: 0x0000000081c00000
Narrow klass base: 0x0000000000000000, Narrow klass shift: 0

GC Heap History (0 events):
No events

Deoptimization events (0 events):
No events

Classes redefined (0 events):
No events

Internal exceptions (0 events):
No events

Events (0 events):
No events


Dynamic libraries:
0x00007ff755ff0000 - 0x00007ff755ffa000 	F:\JetBrains\IntelliJ IDEA 2019.3.1\jbr\bin\java.exe
0x00007ffe61340000 - 0x00007ffe61520000 	C:\Windows\SYSTEM32\ntdll.dll
0x00007ffe60030000 - 0x00007ffe600de000 	C:\Windows\System32\KERNEL32.DLL
0x00007ffe5d990000 - 0x00007ffe5dbf6000 	C:\Windows\System32\KERNELBASE.dll
0x00007ffe5dfc0000 - 0x00007ffe5e0b4000 	C:\Windows\System32\ucrtbase.dll
0x00007ffe47e30000 - 0x00007ffe47e47000 	F:\JetBrains\IntelliJ IDEA 2019.3.1\jbr\bin\VCRUNTIME140.dll
0x00007ffe597a0000 - 0x00007ffe597b9000 	F:\JetBrains\IntelliJ IDEA 2019.3.1\jbr\bin\jli.dll
0x00007ffe60b70000 - 0x00007ffe60cff000 	C:\Windows\System32\USER32.dll
0x00007ffe5dca0000 - 0x00007ffe5dcc0000 	C:\Windows\System32\win32u.dll
0x00007ffe4f440000 - 0x00007ffe4f6a9000 	C:\Windows\WinSxS\amd64_microsoft.windows.common-controls_6595b64144ccf1df_6.0.16299.1087_none_0f9074b65a6589b7\COMCTL32.dll
0x00007ffe612e0000 - 0x00007ffe61308000 	C:\Windows\System32\GDI32.dll
0x00007ffe61240000 - 0x00007ffe612dd000 	C:\Windows\System32\msvcrt.dll
0x00007ffe5d740000 - 0x00007ffe5d8d3000 	C:\Windows\System32\gdi32full.dll
0x00007ffe5dc00000 - 0x00007ffe5dc9b000 	C:\Windows\System32\msvcp_win.dll
0x00007ffe5e810000 - 0x00007ffe5eb16000 	C:\Windows\System32\combase.dll
0x00007ffe603d0000 - 0x00007ffe604ef000 	C:\Windows\System32\RPCRT4.dll
0x00007ffe5dd20000 - 0x00007ffe5dd92000 	C:\Windows\System32\bcryptPrimitives.dll
0x00007ffe61020000 - 0x00007ffe6104d000 	C:\Windows\System32\IMM32.DLL
0x00007ffe46b50000 - 0x00007ffe46bed000 	F:\JetBrains\IntelliJ IDEA 2019.3.1\jbr\bin\msvcp140.dll
0x00007ffe13a50000 - 0x00007ffe1450b000 	F:\JetBrains\IntelliJ IDEA 2019.3.1\jbr\bin\server\jvm.dll
0x00007ffe5eb40000 - 0x00007ffe5ebe1000 	C:\Windows\System32\ADVAPI32.dll
0x00007ffe61180000 - 0x00007ffe611db000 	C:\Windows\System32\sechost.dll
0x00007ffe61050000 - 0x00007ffe61058000 	C:\Windows\System32\PSAPI.DLL
0x00007ffe4b330000 - 0x00007ffe4b339000 	C:\Windows\SYSTEM32\WSOCK32.dll
0x00007ffe57b10000 - 0x00007ffe57b33000 	C:\Windows\SYSTEM32\WINMM.dll
0x00007ffe594a0000 - 0x00007ffe594aa000 	C:\Windows\SYSTEM32\VERSION.dll
0x00007ffe61060000 - 0x00007ffe610cc000 	C:\Windows\System32\WS2_32.dll
0x00007ffe578e0000 - 0x00007ffe5790a000 	C:\Windows\SYSTEM32\WINMMBASE.dll
0x00007ffe5df70000 - 0x00007ffe5dfba000 	C:\Windows\System32\cfgmgr32.dll
0x00007ffe5d6d0000 - 0x00007ffe5d6e1000 	C:\Windows\System32\kernel.appcore.dll
0x00007ffe599b0000 - 0x00007ffe599c1000 	F:\JetBrains\IntelliJ IDEA 2019.3.1\jbr\bin\verify.dll
0x00007ffe5c140000 - 0x00007ffe5c308000 	C:\Windows\SYSTEM32\DBGHELP.DLL
0x00007ffe49b90000 - 0x00007ffe49bb9000 	C:\Windows\SYSTEM32\dbgcore.DLL
0x00007ffe59820000 - 0x00007ffe59849000 	F:\JetBrains\IntelliJ IDEA 2019.3.1\jbr\bin\java.dll
0x00007ffe59390000 - 0x00007ffe593a7000 	F:\JetBrains\IntelliJ IDEA 2019.3.1\jbr\bin\zip.dll
0x00007ffe599a0000 - 0x00007ffe599ab000 	F:\JetBrains\IntelliJ IDEA 2019.3.1\jbr\bin\jimage.dll

dbghelp: loaded successfully - version: 4.0.5 - missing functions: none
symbol engine: initialized successfully - sym options: 0x614 - pdb path: .;F:\JetBrains\IntelliJ IDEA 2019.3.1\jbr\bin;C:\Windows\SYSTEM32;C:\Windows\WinSxS\amd64_microsoft.windows.common-controls_6595b64144ccf1df_6.0.16299.1087_none_0f9074b65a6589b7;F:\JetBrains\IntelliJ IDEA 2019.3.1\jbr\bin\server

VM Arguments:
java_command: org.jetbrains.git4idea.http.GitAskPassApp Username for 'https://github.com': 
java_class_path (initial): F:/JetBrains/IntelliJ IDEA 2019.3.1/plugins/git4idea/lib/git4idea-rt.jar;F:/JetBrains/IntelliJ IDEA 2019.3.1/lib/xmlrpc-2.0.1.jar;F:/JetBrains/IntelliJ IDEA 2019.3.1/lib/commons-codec-1.13.jar;F:/JetBrains/IntelliJ IDEA 2019.3.1/lib/util.jar
Launcher Type: SUN_STANDARD

[Global flags]
     intx CICompilerCount                          = 3                                         {product} {ergonomic}
     uint ConcGCThreads                            = 1                                         {product} {ergonomic}
     uint G1ConcRefinementThreads                  = 4                                         {product} {ergonomic}
   size_t G1HeapRegionSize                         = 1048576                                   {product} {ergonomic}
    uintx GCDrainStackTargetSize                   = 64                                        {product} {ergonomic}
   size_t InitialHeapSize                          = 134217728                                 {product} {ergonomic}
   size_t MarkStackSize                            = 4194304                                   {product} {ergonomic}
   size_t MaxHeapSize                              = 2118123520                                {product} {ergonomic}
   size_t MinHeapDeltaBytes                        = 1048576                                   {product} {ergonomic}
    uintx NonNMethodCodeHeapSize                   = 5830732                                {pd product} {ergonomic}
    uintx NonProfiledCodeHeapSize                  = 122913754                              {pd product} {ergonomic}
    uintx ProfiledCodeHeapSize                     = 122913754                              {pd product} {ergonomic}
    uintx ReservedCodeCacheSize                    = 251658240                              {pd product} {ergonomic}
     bool SegmentedCodeCache                       = true                                      {product} {ergonomic}
     bool UseCompressedClassPointers               = true                                 {lp64_product} {ergonomic}
     bool UseCompressedOops                        = true                                 {lp64_product} {ergonomic}
     bool UseG1GC                                  = true                                      {product} {ergonomic}
     bool UseLargePagesIndividualAllocation        = false                                  {pd product} {ergonomic}

Logging:
Log output configuration:
 #0: stdout all=warning uptime,level,tags
 #1: stderr all=off uptime,level,tags

Environment Variables:
JAVA_HOME=C:\Program Files\Java\jdk-13.0.1
CLASSPATH=.;C:\Program Files\Java\jdk-13.0.1\lib;C:\Program Files\Java\jdk-13.0.1\lib\tools.jar
PATH=F:\Git\mingw64\libexec\git-core;F:\Git\mingw64\libexec\git-core;F:\Git\mingw64\bin;F:\Git\usr\bin;C:\Users\jinmo\bin;C:\Program Files\Anaconda;C:\Program Files\Anaconda\Library\mingw-w64\bin;C:\Program Files\Anaconda\Library\usr\bin;C:\Program Files\Anaconda\Library\bin;C:\Program Files\Anaconda\Scripts;C:\Program Files\Java\jdk-13.0.1\bin;C:\Windows\system32;C:\Windows;C:\Windows\System32\Wbem;C:\Windows\System32\WindowsPowerShell\v1.0;F:\apache-maven-3.6.1\bin;F:\Git\cmd;F:\TortoiseSVN\bin;F:\nodeJS;F:\nodeJS\node_global;F:\Yarn\bin;C:\Users\ī\AppData\Local\Microsoft\WindowsApps;F:\Microsoft VS Code\bin;F:\IntelliJ IDEA 2019.3\bin;F:\WebStorm 2019.3\bin;F:\JetBrains Rider 2019.2.3\bin;C:\Users\ī\AppData\Local\atom\bin;C:\Users\ī\AppData\Roaming\npm;F:\IntelliJ IDEA 2019.3.1\bin;C:\Users\jinmo\AppData\Roaming\npm;C:\Users\jinmo\AppData\Local\Yarn\bin
USERNAME=ī
DISPLAY=:0.0
OS=Windows_NT
PROCESSOR_IDENTIFIER=Intel64 Family 6 Model 142 Stepping 9, GenuineIntel



---------------  S Y S T E M  ---------------

OS: Windows 10 , 64 bit Build 16299 (10.0.16299.1087)

CPU:total 4 (initial active 4) (2 cores per cpu, 2 threads per core) family 6 model 142 stepping 9, cmov, cx8, fxsr, mmx, sse, sse2, sse3, ssse3, sse4.1, sse4.2, popcnt, avx, avx2, aes, clmul, erms, 3dnowpref, lzcnt, ht, tsc, tscinvbit, bmi1, bmi2, adx, fma

Memory: 4k page, system-wide physical 8077M (676M free)
TotalPageFile size 20763M (AvailPageFile size 114M)
current process WorkingSet (physical memory assigned to process): 10M, peak: 10M
current process commit charge ("private bytes"): 51M, peak: 179M

vm_info: OpenJDK 64-Bit Server VM (11.0.5+10-b520.17) for windows-amd64 JRE (11.0.5+10-b520.17), built on Dec  2 2019 12:11:34 by "" with MS VC++ 14.0 (VS2015)

END.
